<?xml version="1.0" encoding="UTF-8"?>
<testng-results ignored="0" total="6" passed="6" failed="0" skipped="0">
  <reporter-output>
  </reporter-output>
  <suite started-at="2025-03-23T19:06:18 YEKT" name="AllTests" finished-at="2025-03-23T19:06:41 YEKT" duration-ms="22867">
    <groups>
    </groups>
    <test started-at="2025-03-23T19:06:18 YEKT" name="API Tests" finished-at="2025-03-23T19:06:22 YEKT" duration-ms="4489">
      <class name="api.ForFillingOutTheApiFormTests">
        <test-method is-config="true" signature="setup()[pri:0, instance:api.ForFillingOutTheApiFormTests@7fd50002]" started-at="2025-03-23T19:06:18 YEKT" name="setup" finished-at="2025-03-23T19:06:19 YEKT" duration-ms="921" status="PASS">
          <reporter-output>
          </reporter-output>
        </test-method> <!-- setup -->
        <test-method signature="fillingOutTheFormWithValidDataApiTest()[pri:0, instance:api.ForFillingOutTheApiFormTests@7fd50002]" started-at="2025-03-23T19:06:19 YEKT" name="fillingOutTheFormWithValidDataApiTest" finished-at="2025-03-23T19:06:22 YEKT" duration-ms="3389" status="PASS">
          <reporter-output>
          </reporter-output>
        </test-method> <!-- fillingOutTheFormWithValidDataApiTest -->
        <test-method signature="fillingOutTheFormWithAnInvalidEmailApiTest()[pri:0, instance:api.ForFillingOutTheApiFormTests@7fd50002]" started-at="2025-03-23T19:06:19 YEKT" name="fillingOutTheFormWithAnInvalidEmailApiTest" finished-at="2025-03-23T19:06:22 YEKT" duration-ms="3407" status="PASS">
          <reporter-output>
          </reporter-output>
        </test-method> <!-- fillingOutTheFormWithAnInvalidEmailApiTest -->
      </class> <!-- api.ForFillingOutTheApiFormTests -->
    </test> <!-- API Tests -->
    <test started-at="2025-03-23T19:06:22 YEKT" name="UI Tests" finished-at="2025-03-23T19:06:41 YEKT" duration-ms="18309">
      <class name="ui.ForFillingOutTheUiFormTests">
        <test-method is-config="true" signature="setUp()[pri:0, instance:ui.ForFillingOutTheUiFormTests@4eaf7902]" started-at="2025-03-23T19:06:22 YEKT" name="setUp" finished-at="2025-03-23T19:06:28 YEKT" duration-ms="5353" status="PASS">
          <reporter-output>
          </reporter-output>
        </test-method> <!-- setUp -->
        <test-method is-config="true" signature="setUp()[pri:0, instance:ui.ForFillingOutTheUiFormTests@4eaf7902]" started-at="2025-03-23T19:06:22 YEKT" name="setUp" finished-at="2025-03-23T19:06:27 YEKT" duration-ms="5045" status="PASS">
          <reporter-output>
          </reporter-output>
        </test-method> <!-- setUp -->
        <test-method signature="fillingOutTheFormWithAnInvalidEmailUiTest()[pri:0, instance:ui.ForFillingOutTheUiFormTests@4eaf7902]" started-at="2025-03-23T19:06:27 YEKT" name="fillingOutTheFormWithAnInvalidEmailUiTest" finished-at="2025-03-23T19:06:29 YEKT" duration-ms="1955" status="PASS">
          <reporter-output>
          </reporter-output>
        </test-method> <!-- fillingOutTheFormWithAnInvalidEmailUiTest -->
        <test-method signature="fillingOutTheFormWithValidDataUiTest()[pri:0, instance:ui.ForFillingOutTheUiFormTests@4eaf7902]" started-at="2025-03-23T19:06:28 YEKT" name="fillingOutTheFormWithValidDataUiTest" finished-at="2025-03-23T19:06:35 YEKT" duration-ms="6902" status="PASS">
          <reporter-output>
          </reporter-output>
        </test-method> <!-- fillingOutTheFormWithValidDataUiTest -->
        <test-method is-config="true" signature="tearDown()[pri:0, instance:ui.ForFillingOutTheUiFormTests@4eaf7902]" started-at="2025-03-23T19:06:29 YEKT" name="tearDown" finished-at="2025-03-23T19:06:30 YEKT" duration-ms="307" status="PASS">
          <reporter-output>
          </reporter-output>
        </test-method> <!-- tearDown -->
        <test-method is-config="true" signature="tearDown()[pri:0, instance:ui.ForFillingOutTheUiFormTests@4eaf7902]" started-at="2025-03-23T19:06:35 YEKT" name="tearDown" finished-at="2025-03-23T19:06:35 YEKT" duration-ms="272" status="PASS">
          <reporter-output>
          </reporter-output>
        </test-method> <!-- tearDown -->
      </class> <!-- ui.ForFillingOutTheUiFormTests -->
      <class name="ui.PageObjectUiTests">
        <test-method is-config="true" signature="setUp()[pri:0, instance:ui.PageObjectUiTests@16c1519e]" started-at="2025-03-23T19:06:22 YEKT" name="setUp" finished-at="2025-03-23T19:06:28 YEKT" duration-ms="5311" status="PASS">
          <reporter-output>
          </reporter-output>
        </test-method> <!-- setUp -->
        <test-method signature="fillingOutTheFormWithAnInvalidEmailTest()[pri:0, instance:ui.PageObjectUiTests@16c1519e]" started-at="2025-03-23T19:06:28 YEKT" name="fillingOutTheFormWithAnInvalidEmailTest" finished-at="2025-03-23T19:06:29 YEKT" duration-ms="1827" status="PASS">
          <reporter-output>
          </reporter-output>
        </test-method> <!-- fillingOutTheFormWithAnInvalidEmailTest -->
        <test-method is-config="true" signature="tearDown()[pri:0, instance:ui.PageObjectUiTests@16c1519e]" started-at="2025-03-23T19:06:29 YEKT" name="tearDown" finished-at="2025-03-23T19:06:30 YEKT" duration-ms="257" status="PASS">
          <reporter-output>
          </reporter-output>
        </test-method> <!-- tearDown -->
        <test-method is-config="true" signature="setUp()[pri:0, instance:ui.PageObjectUiTests@16c1519e]" started-at="2025-03-23T19:06:30 YEKT" name="setUp" finished-at="2025-03-23T19:06:34 YEKT" duration-ms="3921" status="PASS">
          <reporter-output>
          </reporter-output>
        </test-method> <!-- setUp -->
        <test-method signature="validFormFillingTest()[pri:0, instance:ui.PageObjectUiTests@16c1519e]" started-at="2025-03-23T19:06:34 YEKT" name="validFormFillingTest" finished-at="2025-03-23T19:06:40 YEKT" duration-ms="6778" status="PASS">
          <reporter-output>
          </reporter-output>
        </test-method> <!-- validFormFillingTest -->
        <test-method is-config="true" signature="tearDown()[pri:0, instance:ui.PageObjectUiTests@16c1519e]" started-at="2025-03-23T19:06:40 YEKT" name="tearDown" finished-at="2025-03-23T19:06:41 YEKT" duration-ms="271" status="PASS">
          <reporter-output>
          </reporter-output>
        </test-method> <!-- tearDown -->
      </class> <!-- ui.PageObjectUiTests -->
    </test> <!-- UI Tests -->
  </suite> <!-- AllTests -->
</testng-results>
