<?xml version="1.0" encoding="UTF-8"?>
<testsuite xmlns:xsi="http://www.w3.org/2001/XMLSchema-instance" xsi:noNamespaceSchemaLocation="https://maven.apache.org/surefire/maven-surefire-plugin/xsd/surefire-test-report-3.0.xsd" version="3.0" name="api.ForFillingOutTheApiFormTests" time="4.979" tests="2" errors="0" skipped="0" failures="0">
  <properties>
[...]
</properties>
  <testcase name="fillingOutTheFormWithAnInvalidEmailTestApi" classname="api.ForFillingOutTheApiFormTests" time="3.68">
    <system-out><![CDATA[Request method:	POST
Request URI:	https://tl.af-ctf.ru/calluserforsignup
Proxy:			<none>
Request params:	<none>
Query params:	<none>
Form params:	<none>
Path params:	<none>
Headers:		Accept=*/*
				Content-Type=application/json
Cookies:		<none>
Multiparts:		<none>
Body:
{
    "userName": "Смирнова Константин Юрьевич",
    "login": "@gmail.com",
    "phoneNumber": "89000100119",
    "password": "12345678",
    "passwordValidation": "12345678"
}
17:30:02.304 [main] DEBUG org.apache.http.impl.conn.BasicClientConnectionManager -- Get connection for route {s}->https://tl.af-ctf.ru:443
17:30:02.377 [main] DEBUG org.apache.http.impl.conn.DefaultClientConnectionOperator -- Connecting to tl.af-ctf.ru:443
17:30:02.691 [main] DEBUG org.apache.http.client.protocol.RequestAddCookies -- CookieSpec selected: ignoreCookies
17:30:02.694 [main] DEBUG org.apache.http.client.protocol.RequestAuthCache -- Auth cache not set in the context
17:30:02.695 [main] DEBUG org.apache.http.client.protocol.RequestTargetAuthentication -- Target auth state: UNCHALLENGED
17:30:02.696 [main] DEBUG org.apache.http.client.protocol.RequestProxyAuthentication -- Proxy auth state: UNCHALLENGED
17:30:02.696 [main] DEBUG org.apache.http.impl.client.DefaultHttpClient -- Attempt 1 to execute request
17:30:02.697 [main] DEBUG org.apache.http.impl.conn.DefaultClientConnection -- Sending request: POST /calluserforsignup HTTP/1.1
17:30:02.697 [main] DEBUG org.apache.http.wire --  >> "POST /calluserforsignup HTTP/1.1[\r][\n]"
17:30:02.698 [main] DEBUG org.apache.http.wire --  >> "Accept: */*[\r][\n]"
17:30:02.698 [main] DEBUG org.apache.http.wire --  >> "Content-Type: application/json[\r][\n]"
17:30:02.698 [main] DEBUG org.apache.http.wire --  >> "Content-Length: 170[\r][\n]"
17:30:02.698 [main] DEBUG org.apache.http.wire --  >> "Host: tl.af-ctf.ru[\r][\n]"
17:30:02.698 [main] DEBUG org.apache.http.wire --  >> "Connection: Keep-Alive[\r][\n]"
17:30:02.699 [main] DEBUG org.apache.http.wire --  >> "User-Agent: Apache-HttpClient/4.5.13 (Java/17.0.11)[\r][\n]"
17:30:02.699 [main] DEBUG org.apache.http.wire --  >> "Accept-Encoding: gzip,deflate[\r][\n]"
17:30:02.699 [main] DEBUG org.apache.http.wire --  >> "[\r][\n]"
17:30:02.699 [main] DEBUG org.apache.http.headers -- >> POST /calluserforsignup HTTP/1.1
17:30:02.699 [main] DEBUG org.apache.http.headers -- >> Accept: */*
17:30:02.699 [main] DEBUG org.apache.http.headers -- >> Content-Type: application/json
17:30:02.699 [main] DEBUG org.apache.http.headers -- >> Content-Length: 170
17:30:02.699 [main] DEBUG org.apache.http.headers -- >> Host: tl.af-ctf.ru
17:30:02.699 [main] DEBUG org.apache.http.headers -- >> Connection: Keep-Alive
17:30:02.699 [main] DEBUG org.apache.http.headers -- >> User-Agent: Apache-HttpClient/4.5.13 (Java/17.0.11)
17:30:02.699 [main] DEBUG org.apache.http.headers -- >> Accept-Encoding: gzip,deflate
17:30:02.700 [main] DEBUG org.apache.http.wire --  >> "{"userName":"[0xd0][0xa1][0xd0][0xbc][0xd0][0xb8][0xd1][0x80][0xd0][0xbd][0xd0][0xbe][0xd0][0xb2][0xd0][0xb0] [0xd0][0x9a][0xd0][0xbe][0xd0][0xbd][0xd1][0x81][0xd1][0x82][0xd0][0xb0][0xd0][0xbd][0xd1][0x82][0xd0][0xb8][0xd0][0xbd] [0xd0][0xae][0xd1][0x80][0xd1][0x8c][0xd0][0xb5][0xd0][0xb2][0xd0][0xb8][0xd1][0x87]","login":"@gmail.com","phoneNumber":"89000100119","password":"12345678","passwordValidation":"12345678"}"
17:30:02.744 [main] DEBUG org.apache.http.wire --  << "HTTP/1.1 200 OK[\r][\n]"
17:30:02.747 [main] DEBUG org.apache.http.wire --  << "Date: Sun, 23 Mar 2025 12:30:00 GMT[\r][\n]"
17:30:02.747 [main] DEBUG org.apache.http.wire --  << "Content-Type: application/json; charset=utf-8[\r][\n]"
17:30:02.747 [main] DEBUG org.apache.http.wire --  << "Content-Length: 133[\r][\n]"
17:30:02.747 [main] DEBUG org.apache.http.wire --  << "Connection: keep-alive[\r][\n]"
17:30:02.747 [main] DEBUG org.apache.http.wire --  << "X-Powered-By: Express[\r][\n]"
17:30:02.747 [main] DEBUG org.apache.http.wire --  << "ETag: W/"85-M7TQhLmZkhU8LP1MRcXMTJw8F14"[\r][\n]"
17:30:02.747 [main] DEBUG org.apache.http.wire --  << "Set-Cookie: ctf_bank_session=s%3AhKROlK-OfqeRypxVg6yI_FA7mQcODqNG.N5yoi5rlPbx5ycc7Gyq9kEA4MHNj4OVpvku6qZIUX%2F4; Path=/; HttpOnly[\r][\n]"
17:30:02.747 [main] DEBUG org.apache.http.wire --  << "Strict-Transport-Security: max-age=15724800; includeSubDomains[\r][\n]"
17:30:02.748 [main] DEBUG org.apache.http.wire --  << "[\r][\n]"
17:30:02.749 [main] DEBUG org.apache.http.impl.conn.DefaultClientConnection -- Receiving response: HTTP/1.1 200 OK
17:30:02.749 [main] DEBUG org.apache.http.headers -- << HTTP/1.1 200 OK
17:30:02.749 [main] DEBUG org.apache.http.headers -- << Date: Sun, 23 Mar 2025 12:30:00 GMT
17:30:02.749 [main] DEBUG org.apache.http.headers -- << Content-Type: application/json; charset=utf-8
17:30:02.750 [main] DEBUG org.apache.http.headers -- << Content-Length: 133
17:30:02.750 [main] DEBUG org.apache.http.headers -- << Connection: keep-alive
17:30:02.750 [main] DEBUG org.apache.http.headers -- << X-Powered-By: Express
17:30:02.750 [main] DEBUG org.apache.http.headers -- << ETag: W/"85-M7TQhLmZkhU8LP1MRcXMTJw8F14"
17:30:02.750 [main] DEBUG org.apache.http.headers -- << Set-Cookie: ctf_bank_session=s%3AhKROlK-OfqeRypxVg6yI_FA7mQcODqNG.N5yoi5rlPbx5ycc7Gyq9kEA4MHNj4OVpvku6qZIUX%2F4; Path=/; HttpOnly
17:30:02.750 [main] DEBUG org.apache.http.headers -- << Strict-Transport-Security: max-age=15724800; includeSubDomains
17:30:02.755 [main] DEBUG org.apache.http.impl.client.DefaultHttpClient -- Connection can be kept alive indefinitely
17:30:02.765 [main] DEBUG io.restassured.internal.RestAssuredHttpBuilder -- Parsing response as: application/json; charset=utf-8
17:30:02.766 [main] DEBUG io.restassured.internal.RestAssuredHttpBuilder -- Parsed data to instance of: class org.apache.http.conn.EofSensorInputStream
17:30:02.828 [main] DEBUG org.apache.http.wire --  << "{"type":false,"message":"\"login\" must be a valid email","login":{"message":"\"login\" must be a valid email","value":"@gmail.com"}"
17:30:02.830 [main] DEBUG org.apache.http.wire --  << "}"
17:30:02.831 [main] DEBUG org.apache.http.impl.conn.BasicClientConnectionManager -- Releasing connection org.apache.http.impl.conn.ManagedClientConnectionImpl@11ee671f
17:30:02.831 [main] DEBUG org.apache.http.impl.conn.BasicClientConnectionManager -- Connection can be kept alive indefinitely
HTTP/1.1 200 OK
Date: Sun, 23 Mar 2025 12:30:00 GMT
Content-Type: application/json; charset=utf-8
Content-Length: 133
Connection: keep-alive
X-Powered-By: Express
ETag: W/"85-M7TQhLmZkhU8LP1MRcXMTJw8F14"
Set-Cookie: ctf_bank_session=s%3AhKROlK-OfqeRypxVg6yI_FA7mQcODqNG.N5yoi5rlPbx5ycc7Gyq9kEA4MHNj4OVpvku6qZIUX%2F4; Path=/; HttpOnly
Strict-Transport-Security: max-age=15724800; includeSubDomains

{
    "type": false,
    "message": "\"login\" must be a valid email",
    "login": {
        "message": "\"login\" must be a valid email",
        "value": "@gmail.com"
    }
}
]]></system-out>
  </testcase>
  <testcase name="fillingOutTheFormWithValidDataTestApi" classname="api.ForFillingOutTheApiFormTests" time="0.311">
    <system-out><![CDATA[Request method:	POST
Request URI:	https://tl.af-ctf.ru/calluserforsignup
Proxy:			<none>
Request params:	<none>
Query params:	<none>
Form params:	<none>
Path params:	<none>
Headers:		Accept=*/*
				Content-Type=application/json
Cookies:		<none>
Multiparts:		<none>
Body:
{
    "userName": "Смирнова Константин Юрьевич",
    "login": "sabina.glover@hotmail.com",
    "phoneNumber": "89000100119",
    "password": "12345678",
    "passwordValidation": "12345678"
}
17:30:03.957 [main] DEBUG org.apache.http.impl.conn.BasicClientConnectionManager -- Get connection for route {s}->https://tl.af-ctf.ru:443
17:30:03.958 [main] DEBUG org.apache.http.impl.conn.DefaultClientConnectionOperator -- Connecting to tl.af-ctf.ru:443
17:30:04.050 [main] DEBUG org.apache.http.client.protocol.RequestAddCookies -- CookieSpec selected: ignoreCookies
17:30:04.051 [main] DEBUG org.apache.http.client.protocol.RequestAuthCache -- Auth cache not set in the context
17:30:04.051 [main] DEBUG org.apache.http.client.protocol.RequestTargetAuthentication -- Target auth state: UNCHALLENGED
17:30:04.051 [main] DEBUG org.apache.http.client.protocol.RequestProxyAuthentication -- Proxy auth state: UNCHALLENGED
17:30:04.051 [main] DEBUG org.apache.http.impl.client.DefaultHttpClient -- Attempt 1 to execute request
17:30:04.051 [main] DEBUG org.apache.http.impl.conn.DefaultClientConnection -- Sending request: POST /calluserforsignup HTTP/1.1
17:30:04.051 [main] DEBUG org.apache.http.wire --  >> "POST /calluserforsignup HTTP/1.1[\r][\n]"
17:30:04.051 [main] DEBUG org.apache.http.wire --  >> "Accept: */*[\r][\n]"
17:30:04.051 [main] DEBUG org.apache.http.wire --  >> "Content-Type: application/json[\r][\n]"
17:30:04.052 [main] DEBUG org.apache.http.wire --  >> "Content-Length: 185[\r][\n]"
17:30:04.052 [main] DEBUG org.apache.http.wire --  >> "Host: tl.af-ctf.ru[\r][\n]"
17:30:04.052 [main] DEBUG org.apache.http.wire --  >> "Connection: Keep-Alive[\r][\n]"
17:30:04.052 [main] DEBUG org.apache.http.wire --  >> "User-Agent: Apache-HttpClient/4.5.13 (Java/17.0.11)[\r][\n]"
17:30:04.052 [main] DEBUG org.apache.http.wire --  >> "Accept-Encoding: gzip,deflate[\r][\n]"
17:30:04.052 [main] DEBUG org.apache.http.wire --  >> "[\r][\n]"
17:30:04.052 [main] DEBUG org.apache.http.headers -- >> POST /calluserforsignup HTTP/1.1
17:30:04.052 [main] DEBUG org.apache.http.headers -- >> Accept: */*
17:30:04.052 [main] DEBUG org.apache.http.headers -- >> Content-Type: application/json
17:30:04.052 [main] DEBUG org.apache.http.headers -- >> Content-Length: 185
17:30:04.052 [main] DEBUG org.apache.http.headers -- >> Host: tl.af-ctf.ru
17:30:04.052 [main] DEBUG org.apache.http.headers -- >> Connection: Keep-Alive
17:30:04.052 [main] DEBUG org.apache.http.headers -- >> User-Agent: Apache-HttpClient/4.5.13 (Java/17.0.11)
17:30:04.052 [main] DEBUG org.apache.http.headers -- >> Accept-Encoding: gzip,deflate
17:30:04.053 [main] DEBUG org.apache.http.wire --  >> "{"userName":"[0xd0][0xa1][0xd0][0xbc][0xd0][0xb8][0xd1][0x80][0xd0][0xbd][0xd0][0xbe][0xd0][0xb2][0xd0][0xb0] [0xd0][0x9a][0xd0][0xbe][0xd0][0xbd][0xd1][0x81][0xd1][0x82][0xd0][0xb0][0xd0][0xbd][0xd1][0x82][0xd0][0xb8][0xd0][0xbd] [0xd0][0xae][0xd1][0x80][0xd1][0x8c][0xd0][0xb5][0xd0][0xb2][0xd0][0xb8][0xd1][0x87]","login":"sabina.glover@hotmail.com","phoneNumber":"89000100119","password":"12345678","passwordValidation":"12345678"}"
17:30:04.187 [main] DEBUG org.apache.http.wire --  << "HTTP/1.1 200 OK[\r][\n]"
17:30:04.187 [main] DEBUG org.apache.http.wire --  << "Date: Sun, 23 Mar 2025 12:30:02 GMT[\r][\n]"
17:30:04.188 [main] DEBUG org.apache.http.wire --  << "Content-Type: application/json; charset=utf-8[\r][\n]"
17:30:04.188 [main] DEBUG org.apache.http.wire --  << "Content-Length: 179[\r][\n]"
17:30:04.188 [main] DEBUG org.apache.http.wire --  << "Connection: keep-alive[\r][\n]"
17:30:04.188 [main] DEBUG org.apache.http.wire --  << "X-Powered-By: Express[\r][\n]"
17:30:04.188 [main] DEBUG org.apache.http.wire --  << "ETag: W/"b3-X2Xmmn7E9r6oWdA7SebJD/7xpWY"[\r][\n]"
17:30:04.188 [main] DEBUG org.apache.http.wire --  << "Set-Cookie: ctf_bank_session=s%3A1waNrYXvAvlarduuC609w_tzuLncQ7P9.Xo%2Bbf0XOIcKIhabO5HLWW1XgJHd9ZKjnbYJydPlNuUI; Path=/; HttpOnly[\r][\n]"
17:30:04.188 [main] DEBUG org.apache.http.wire --  << "Strict-Transport-Security: max-age=15724800; includeSubDomains[\r][\n]"
17:30:04.188 [main] DEBUG org.apache.http.wire --  << "[\r][\n]"
17:30:04.189 [main] DEBUG org.apache.http.impl.conn.DefaultClientConnection -- Receiving response: HTTP/1.1 200 OK
17:30:04.189 [main] DEBUG org.apache.http.headers -- << HTTP/1.1 200 OK
17:30:04.189 [main] DEBUG org.apache.http.headers -- << Date: Sun, 23 Mar 2025 12:30:02 GMT
17:30:04.189 [main] DEBUG org.apache.http.headers -- << Content-Type: application/json; charset=utf-8
17:30:04.189 [main] DEBUG org.apache.http.headers -- << Content-Length: 179
17:30:04.189 [main] DEBUG org.apache.http.headers -- << Connection: keep-alive
17:30:04.189 [main] DEBUG org.apache.http.headers -- << X-Powered-By: Express
17:30:04.189 [main] DEBUG org.apache.http.headers -- << ETag: W/"b3-X2Xmmn7E9r6oWdA7SebJD/7xpWY"
17:30:04.189 [main] DEBUG org.apache.http.headers -- << Set-Cookie: ctf_bank_session=s%3A1waNrYXvAvlarduuC609w_tzuLncQ7P9.Xo%2Bbf0XOIcKIhabO5HLWW1XgJHd9ZKjnbYJydPlNuUI; Path=/; HttpOnly
17:30:04.189 [main] DEBUG org.apache.http.headers -- << Strict-Transport-Security: max-age=15724800; includeSubDomains
17:30:04.189 [main] DEBUG org.apache.http.impl.client.DefaultHttpClient -- Connection can be kept alive indefinitely
17:30:04.190 [main] DEBUG io.restassured.internal.RestAssuredHttpBuilder -- Parsing response as: application/json; charset=utf-8
17:30:04.190 [main] DEBUG io.restassured.internal.RestAssuredHttpBuilder -- Parsed data to instance of: class org.apache.http.conn.EofSensorInputStream
17:30:04.192 [main] DEBUG org.apache.http.wire --  << "{"type":true,"text":"[0xd0][0xa1][0xd0][0xb5][0xd0][0xb9][0xd1][0x87][0xd0][0xb0][0xd1][0x81] [0xd0][0xbd][0xd0][0xb0] [0xd0][0xb2][0xd0][0xb0][0xd1][0x88] [0xd1][0x82][0xd0][0xb5][0xd0][0xbb][0xd0][0xb5][0xd1][0x84][0xd0][0xbe][0xd0][0xbd] [0xd0][0xbf][0xd0][0xbe][0xd1][0x81][0xd1][0x82][0xd1][0x83][0xd0][0xbf][0xd0][0xb8][0xd1][0x82] [0xd0][0xb7][0xd0][0xb2][0xd0][0xbe][0xd0][0xbd][0xd0][0xbe][0xd0][0xba] [0xd0][0xb8][0xd0][0xbb][0xd0][0xb8] [0xd1][0x81][0xd0][0xbe][0xd0][0xbe][0xd0][0xb1][0xd1][0x89][0xd0][0xb5][0xd0][0xbd][0xd0][0xb8][0xd0][0xb5], [0xd0][0xbf][0xd0][0xbe][0xd1][0x81][0xd0][0xbb][0xd0][0xb5][0xd0][0xb4][0xd0][0xbd][0xd0][0xb8][0xd0][0xb5] 4 [0xd1][0x86][0xd0][0xb8][0xd1][0x84][0xd1][0x80][0xd1][0x8b] [0xd1][0x8f][0xd0][0xb2][0xd0][0xbb][0xd1][0x8f][0xd1][0x8e][0xd1][0x82][0xd1][0x81][0xd1][0x8f] [0xd0][0xba][0xd0][0xbe][0xd0][0xb4][0xd0][0xbe][0xd0][0xbc]"}"
17:30:04.193 [main] DEBUG org.apache.http.impl.conn.BasicClientConnectionManager -- Releasing connection org.apache.http.impl.conn.ManagedClientConnectionImpl@59d29065
17:30:04.193 [main] DEBUG org.apache.http.impl.conn.BasicClientConnectionManager -- Connection can be kept alive indefinitely
HTTP/1.1 200 OK
Date: Sun, 23 Mar 2025 12:30:02 GMT
Content-Type: application/json; charset=utf-8
Content-Length: 179
Connection: keep-alive
X-Powered-By: Express
ETag: W/"b3-X2Xmmn7E9r6oWdA7SebJD/7xpWY"
Set-Cookie: ctf_bank_session=s%3A1waNrYXvAvlarduuC609w_tzuLncQ7P9.Xo%2Bbf0XOIcKIhabO5HLWW1XgJHd9ZKjnbYJydPlNuUI; Path=/; HttpOnly
Strict-Transport-Security: max-age=15724800; includeSubDomains

{
    "type": true,
    "text": "Сейчас на ваш телефон поступит звонок или сообщение, последние 4 цифры являются кодом"
}
]]></system-out>
  </testcase>
</testsuite>